This is pdfTeX, Version 3.141592653-2.6-1.40.27 (TeX Live 2025/nixos.org) (preloaded format=pdflatex 1980.1.1)  19 JUL 2026 22:19
entering extended mode
 restricted \write18 enabled.
 file:line:error style messages enabled.
 %&-line parsing enabled.
**/home/rem/Dev/dahlia/docs/typesystem.tex
(/home/rem/Dev/dahlia/docs/typesystem.tex
LaTeX2e <2025-11-01>
L3 programming layer <2026-01-19>
(/nix/store/dwx0cnswr5fb44f1126kyrvkxrk5i99f-texlive-combined-full-2025-final-texmfdist/tex/latex/base/article.cls
Document Class: article 2025/01/22 v1.4n Standard LaTeX document class
(/nix/store/dwx0cnswr5fb44f1126kyrvkxrk5i99f-texlive-combined-full-2025-final-texmfdist/tex/latex/base/size11.clo
File: size11.clo 2025/01/22 v1.4n Standard LaTeX file (size option)
)
\c@part=\count275
\c@section=\count276
\c@subsection=\count277
\c@subsubsection=\count278
\c@paragraph=\count279
\c@subparagraph=\count280
\c@figure=\count281
\c@table=\count282
\abovecaptionskip=\skip49
\belowcaptionskip=\skip50
\bibindent=\dimen148
) (/nix/store/dwx0cnswr5fb44f1126kyrvkxrk5i99f-texlive-combined-full-2025-final-texmfdist/tex/latex/amsmath/amsmath.sty
Package: amsmath 2025/07/09 v2.17z AMS math features
\@mathmargin=\skip51

For additional information on amsmath, use the `?' option.
(/nix/store/dwx0cnswr5fb44f1126kyrvkxrk5i99f-texlive-combined-full-2025-final-texmfdist/tex/latex/amsmath/amstext.sty
Package: amstext 2024/11/17 v2.01 AMS text
 (/nix/store/dwx0cnswr5fb44f1126kyrvkxrk5i99f-texlive-combined-full-2025-final-texmfdist/tex/latex/amsmath/amsgen.sty
File: amsgen.sty 1999/11/30 v2.0 generic functions
\@emptytoks=\toks17
\ex@=\dimen149
)) (/nix/store/dwx0cnswr5fb44f1126kyrvkxrk5i99f-texlive-combined-full-2025-final-texmfdist/tex/latex/amsmath/amsbsy.sty
Package: amsbsy 1999/11/29 v1.2d Bold Symbols
\pmbraise@=\dimen150
) (/nix/store/dwx0cnswr5fb44f1126kyrvkxrk5i99f-texlive-combined-full-2025-final-texmfdist/tex/latex/amsmath/amsopn.sty
Package: amsopn 2022/04/08 v2.04 operator names
)
\inf@bad=\count283
LaTeX Info: Redefining \frac on input line 233.
\uproot@=\count284
\leftroot@=\count285
LaTeX Info: Redefining \overline on input line 398.
LaTeX Info: Redefining \colon on input line 409.
\classnum@=\count286
\DOTSCASE@=\count287
LaTeX Info: Redefining \ldots on input line 495.
LaTeX Info: Redefining \dots on input line 498.
LaTeX Info: Redefining \cdots on input line 619.
\Mathstrutbox@=\box53
\strutbox@=\box54
LaTeX Info: Redefining \big on input line 721.
LaTeX Info: Redefining \Big on input line 722.
LaTeX Info: Redefining \bigg on input line 723.
LaTeX Info: Redefining \Bigg on input line 724.
\big@size=\dimen151
LaTeX Font Info:    Redeclaring font encoding OML on input line 742.
LaTeX Font Info:    Redeclaring font encoding OMS on input line 743.
\macc@depth=\count288
LaTeX Info: Redefining \bmod on input line 904.
LaTeX Info: Redefining \pmod on input line 909.
LaTeX Info: Redefining \smash on input line 939.
LaTeX Info: Redefining \relbar on input line 969.
LaTeX Info: Redefining \Relbar on input line 970.
\c@MaxMatrixCols=\count289
\dotsspace@=\muskip17
\c@parentequation=\count290
\dspbrk@lvl=\count291
\tag@help=\toks18
\row@=\count292
\column@=\count293
\maxfields@=\count294
\andhelp@=\toks19
\eqnshift@=\dimen152
\alignsep@=\dimen153
\tagshift@=\dimen154
\tagwidth@=\dimen155
\totwidth@=\dimen156
\lineht@=\dimen157
\@envbody=\toks20
\multlinegap=\skip52
\multlinetaggap=\skip53
\mathdisplay@stack=\toks21
LaTeX Info: Redefining \[ on input line 2950.
LaTeX Info: Redefining \] on input line 2951.
) (/nix/store/dwx0cnswr5fb44f1126kyrvkxrk5i99f-texlive-combined-full-2025-final-texmfdist/tex/latex/amsfonts/amssymb.sty
Package: amssymb 2013/01/14 v3.01 AMS font symbols
 (/nix/store/dwx0cnswr5fb44f1126kyrvkxrk5i99f-texlive-combined-full-2025-final-texmfdist/tex/latex/amsfonts/amsfonts.sty
Package: amsfonts 2013/01/14 v3.01 Basic AMSFonts support
\symAMSa=\mathgroup4
\symAMSb=\mathgroup5
LaTeX Font Info:    Redeclaring math symbol \hbar on input line 98.
LaTeX Font Info:    Overwriting math alphabet `\mathfrak' in version `bold'
(Font)                  U/euf/m/n --> U/euf/b/n on input line 106.
)) (/nix/store/dwx0cnswr5fb44f1126kyrvkxrk5i99f-texlive-combined-full-2025-final-texmfdist/tex/latex/amscls/amsthm.sty
Package: amsthm 2020/05/29 v2.20.6
\thm@style=\toks22
\thm@bodyfont=\toks23
\thm@headfont=\toks24
\thm@notefont=\toks25
\thm@headpunct=\toks26
\thm@preskip=\skip54
\thm@postskip=\skip55
\thm@headsep=\skip56
\dth@everypar=\toks27
) (/nix/store/dwx0cnswr5fb44f1126kyrvkxrk5i99f-texlive-combined-full-2025-final-texmfdist/tex/latex/mathpartir/mathpartir.sty
Package: mathpartir 2016/02/24 version 1.3.2 Math Paragraph for Typesetting Inference Rules
 (/nix/store/dwx0cnswr5fb44f1126kyrvkxrk5i99f-texlive-combined-full-2025-final-texmfdist/tex/latex/graphics/keyval.sty
Package: keyval 2022/05/29 v1.15 key=value parser (DPC)
\KV@toks@=\toks28
)
\mpr@andskip=\skip57
\mpr@lista=\toks29
\mpr@listb=\toks30
\mpr@hlist=\box55
\mpr@vlist=\box56
\mpr@right=\box57
) (/nix/store/dwx0cnswr5fb44f1126kyrvkxrk5i99f-texlive-combined-full-2025-final-texmfdist/tex/latex/listings/listings.sty
\lst@mode=\count295
\lst@gtempboxa=\box58
\lst@token=\toks31
\lst@length=\count296
\lst@currlwidth=\dimen158
\lst@column=\count297
\lst@pos=\count298
\lst@lostspace=\dimen159
\lst@width=\dimen160
\lst@newlines=\count299
\lst@lineno=\count300
\lst@maxwidth=\dimen161
 (/nix/store/dwx0cnswr5fb44f1126kyrvkxrk5i99f-texlive-combined-full-2025-final-texmfdist/tex/latex/listings/lstpatch.sty
File: lstpatch.sty 2025/11/14 1.11b (Carsten Heinz)
) (/nix/store/dwx0cnswr5fb44f1126kyrvkxrk5i99f-texlive-combined-full-2025-final-texmfdist/tex/latex/listings/lstmisc.sty
File: lstmisc.sty 2025/11/14 1.11b (Carsten Heinz)
\c@lstnumber=\count301
\lst@skipnumbers=\count302
\lst@framebox=\box59
) (/nix/store/dwx0cnswr5fb44f1126kyrvkxrk5i99f-texlive-combined-full-2025-final-texmfdist/tex/latex/listings/listings.cfg
File: listings.cfg 2025/11/14 1.11b listings configuration
))
Package: listings 2025/11/14 1.11b (Carsten Heinz)

==> First Aid for listings.sty no longer applied!
    Expected:
        2024/09/23 1.10c (Carsten Heinz)
    but found:
        2025/11/14 1.11b (Carsten Heinz)
    so I'm assuming it got fixed.
(/nix/store/dwx0cnswr5fb44f1126kyrvkxrk5i99f-texlive-combined-full-2025-final-texmfdist/tex/latex/xcolor/xcolor.sty
Package: xcolor 2024/09/29 v3.02 LaTeX color extensions (UK)
 (/nix/store/dwx0cnswr5fb44f1126kyrvkxrk5i99f-texlive-combined-full-2025-final-texmfdist/tex/latex/graphics-cfg/color.cfg
File: color.cfg 2016/01/02 v1.6 sample color configuration
)
Package xcolor Info: Driver file: pdftex.def on input line 274.
 (/nix/store/dwx0cnswr5fb44f1126kyrvkxrk5i99f-texlive-combined-full-2025-final-texmfdist/tex/latex/graphics-def/pdftex.def
File: pdftex.def 2025/09/29 v1.2d Graphics/color driver for pdftex
) (/nix/store/dwx0cnswr5fb44f1126kyrvkxrk5i99f-texlive-combined-full-2025-final-texmfdist/tex/latex/graphics/mathcolor.ltx)
Package xcolor Info: Model `cmy' substituted by `cmy0' on input line 1349.
Package xcolor Info: Model `hsb' substituted by `rgb' on input line 1353.
Package xcolor Info: Model `RGB' extended on input line 1365.
Package xcolor Info: Model `HTML' substituted by `rgb' on input line 1367.
Package xcolor Info: Model `Hsb' substituted by `hsb' on input line 1368.
Package xcolor Info: Model `tHsb' substituted by `hsb' on input line 1369.
Package xcolor Info: Model `HSB' substituted by `hsb' on input line 1370.
Package xcolor Info: Model `Gray' substituted by `gray' on input line 1371.
Package xcolor Info: Model `wave' substituted by `hsb' on input line 1372.
) (/nix/store/dwx0cnswr5fb44f1126kyrvkxrk5i99f-texlive-combined-full-2025-final-texmfdist/tex/latex/l3backend/l3backend-pdftex.def
File: l3backend-pdftex.def 2025-10-09 L3 backend support: PDF output (pdfTeX)
\l__color_backend_stack_int=\count303
) (./typesystem.aux)
\openout1 = `typesystem.aux'.

LaTeX Font Info:    Checking defaults for OML/cmm/m/it on input line 14.
LaTeX Font Info:    ... okay on input line 14.
LaTeX Font Info:    Checking defaults for OMS/cmsy/m/n on input line 14.
LaTeX Font Info:    ... okay on input line 14.
LaTeX Font Info:    Checking defaults for OT1/cmr/m/n on input line 14.
LaTeX Font Info:    ... okay on input line 14.
LaTeX Font Info:    Checking defaults for T1/cmr/m/n on input line 14.
LaTeX Font Info:    ... okay on input line 14.
LaTeX Font Info:    Checking defaults for TS1/cmr/m/n on input line 14.
LaTeX Font Info:    ... okay on input line 14.
LaTeX Font Info:    Checking defaults for OMX/cmex/m/n on input line 14.
LaTeX Font Info:    ... okay on input line 14.
LaTeX Font Info:    Checking defaults for U/cmr/m/n on input line 14.
LaTeX Font Info:    ... okay on input line 14.
\c@lstlisting=\count304
 (/nix/store/dwx0cnswr5fb44f1126kyrvkxrk5i99f-texlive-combined-full-2025-final-texmfdist/tex/context/base/mkii/supp-pdf.mkii
[Loading MPS to PDF converter (version 2006.09.02).]
\scratchcounter=\count305
\scratchdimen=\dimen162
\scratchbox=\box60
\nofMPsegments=\count306
\nofMParguments=\count307
\everyMPshowfont=\toks32
\MPscratchCnt=\count308
\MPscratchDim=\dimen163
\MPnumerator=\count309
\makeMPintoPDFobject=\count310
\everyMPtoPDFconversion=\toks33
)
LaTeX Font Info:    Trying to load font information for U+msa on input line 15.
 (/nix/store/dwx0cnswr5fb44f1126kyrvkxrk5i99f-texlive-combined-full-2025-final-texmfdist/tex/latex/amsfonts/umsa.fd
File: umsa.fd 2013/01/14 v3.01 AMS symbols A
)
LaTeX Font Info:    Trying to load font information for U+msb on input line 15.
 (/nix/store/dwx0cnswr5fb44f1126kyrvkxrk5i99f-texlive-combined-full-2025-final-texmfdist/tex/latex/amsfonts/umsb.fd
File: umsb.fd 2013/01/14 v3.01 AMS symbols B
) [1

{/nix/store/hx6735alslsg1ddajdwzf576bj5ldfly-texlive-combined-full-2025-final/share/texmf-var/fonts/map/pdftex/updmap/pdftex.map}{/nix/store/dwx0cnswr5fb44f1126kyrvkxrk5i99f-texlive-combined-full-2025-final-texmfdist/fonts/enc/dvips/cm-super/cm-super-ts1.enc}] [2] [3] [4] [5] (./typesystem.aux)
 ***********
LaTeX2e <2025-11-01>
L3 programming layer <2026-01-19>
 ***********
 ) 
Here is how much of TeX's memory you used:
 4344 strings out of 467533
 64846 string characters out of 5392394
 482150 words of memory out of 5000000
 33239 multiletter control sequences out of 15000+600000
 637175 words of font info for 76 fonts, out of 8000000 for 9000
 1141 hyphenation exceptions out of 8191
 56i,19n,65p,460b,309s stack positions out of 10000i,1000n,20000p,200000b,200000s
</nix/store/dwx0cnswr5fb44f1126kyrvkxrk5i99f-texlive-combined-full-2025-final-texmfdist/fonts/type1/public/amsfonts/cm/cmbx10.pfb></nix/store/dwx0cnswr5fb44f1126kyrvkxrk5i99f-texlive-combined-full-2025-final-texmfdist/fonts/type1/public/amsfonts/cm/cmbx12.pfb></nix/store/dwx0cnswr5fb44f1126kyrvkxrk5i99f-texlive-combined-full-2025-final-texmfdist/fonts/type1/public/amsfonts/cm/cmcsc10.pfb></nix/store/dwx0cnswr5fb44f1126kyrvkxrk5i99f-texlive-combined-full-2025-final-texmfdist/fonts/type1/public/amsfonts/cm/cmmi10.pfb></nix/store/dwx0cnswr5fb44f1126kyrvkxrk5i99f-texlive-combined-full-2025-final-texmfdist/fonts/type1/public/amsfonts/cm/cmmi8.pfb></nix/store/dwx0cnswr5fb44f1126kyrvkxrk5i99f-texlive-combined-full-2025-final-texmfdist/fonts/type1/public/amsfonts/cm/cmr10.pfb></nix/store/dwx0cnswr5fb44f1126kyrvkxrk5i99f-texlive-combined-full-2025-final-texmfdist/fonts/type1/public/amsfonts/cm/cmr12.pfb></nix/store/dwx0cnswr5fb44f1126kyrvkxrk5i99f-texlive-combined-full-2025-final-texmfdist/fonts/type1/public/amsfonts/cm/cmr17.pfb></nix/store/dwx0cnswr5fb44f1126kyrvkxrk5i99f-texlive-combined-full-2025-final-texmfdist/fonts/type1/public/amsfonts/cm/cmr8.pfb></nix/store/dwx0cnswr5fb44f1126kyrvkxrk5i99f-texlive-combined-full-2025-final-texmfdist/fonts/type1/public/amsfonts/cm/cmsy10.pfb></nix/store/dwx0cnswr5fb44f1126kyrvkxrk5i99f-texlive-combined-full-2025-final-texmfdist/fonts/type1/public/amsfonts/cm/cmtt10.pfb></nix/store/dwx0cnswr5fb44f1126kyrvkxrk5i99f-texlive-combined-full-2025-final-texmfdist/fonts/type1/public/amsfonts/symbols/msam10.pfb></nix/store/dwx0cnswr5fb44f1126kyrvkxrk5i99f-texlive-combined-full-2025-final-texmfdist/fonts/type1/public/cm-super/sfrm1095.pfb>
Output written on typesystem.pdf (5 pages, 172582 bytes).
PDF statistics:
 86 PDF objects out of 1000 (max. 8388607)
 52 compressed objects within 1 object stream
 0 named destinations out of 1000 (max. 500000)
 1 words of extra memory for PDF output out of 10000 (max. 10000000)

