This is pdfTeX, Version 3.141592653-2.6-1.40.27 (TeX Live 2025/nixos.org) (preloaded format=pdflatex 1980.1.1)  23 JUL 2026 22:55
entering extended mode
 restricted \write18 enabled.
 file:line:error style messages enabled.
 %&-line parsing enabled.
**/home/rem/Dev/dahlia/paper/dahlia_a_topological_language.tex
(/home/rem/Dev/dahlia/paper/dahlia_a_topological_language.tex
LaTeX2e <2025-11-01>
L3 programming layer <2026-01-19>
(/nix/store/dwx0cnswr5fb44f1126kyrvkxrk5i99f-texlive-combined-full-2025-final-texmfdist/tex/latex/base/article.cls
Document Class: article 2025/01/22 v1.4n Standard LaTeX document class
(/nix/store/dwx0cnswr5fb44f1126kyrvkxrk5i99f-texlive-combined-full-2025-final-texmfdist/tex/latex/base/size11.clo
File: size11.clo 2025/01/22 v1.4n Standard LaTeX file (size option)
)
\c@part=\count275
\c@section=\count276
\c@subsection=\count277
\c@subsubsection=\count278
\c@paragraph=\count279
\c@subparagraph=\count280
\c@figure=\count281
\c@table=\count282
\abovecaptionskip=\skip49
\belowcaptionskip=\skip50
\bibindent=\dimen148
) (/nix/store/dwx0cnswr5fb44f1126kyrvkxrk5i99f-texlive-combined-full-2025-final-texmfdist/tex/latex/amsmath/amsmath.sty
Package: amsmath 2025/07/09 v2.17z AMS math features
\@mathmargin=\skip51

For additional information on amsmath, use the `?' option.
(/nix/store/dwx0cnswr5fb44f1126kyrvkxrk5i99f-texlive-combined-full-2025-final-texmfdist/tex/latex/amsmath/amstext.sty
Package: amstext 2024/11/17 v2.01 AMS text
 (/nix/store/dwx0cnswr5fb44f1126kyrvkxrk5i99f-texlive-combined-full-2025-final-texmfdist/tex/latex/amsmath/amsgen.sty
File: amsgen.sty 1999/11/30 v2.0 generic functions
\@emptytoks=\toks17
\ex@=\dimen149
)) (/nix/store/dwx0cnswr5fb44f1126kyrvkxrk5i99f-texlive-combined-full-2025-final-texmfdist/tex/latex/amsmath/amsbsy.sty
Package: amsbsy 1999/11/29 v1.2d Bold Symbols
\pmbraise@=\dimen150
) (/nix/store/dwx0cnswr5fb44f1126kyrvkxrk5i99f-texlive-combined-full-2025-final-texmfdist/tex/latex/amsmath/amsopn.sty
Package: amsopn 2022/04/08 v2.04 operator names
)
\inf@bad=\count283
LaTeX Info: Redefining \frac on input line 233.
\uproot@=\count284
\leftroot@=\count285
LaTeX Info: Redefining \overline on input line 398.
LaTeX Info: Redefining \colon on input line 409.
\classnum@=\count286
\DOTSCASE@=\count287
LaTeX Info: Redefining \ldots on input line 495.
LaTeX Info: Redefining \dots on input line 498.
LaTeX Info: Redefining \cdots on input line 619.
\Mathstrutbox@=\box53
\strutbox@=\box54
LaTeX Info: Redefining \big on input line 721.
LaTeX Info: Redefining \Big on input line 722.
LaTeX Info: Redefining \bigg on input line 723.
LaTeX Info: Redefining \Bigg on input line 724.
\big@size=\dimen151
LaTeX Font Info:    Redeclaring font encoding OML on input line 742.
LaTeX Font Info:    Redeclaring font encoding OMS on input line 743.
\macc@depth=\count288
LaTeX Info: Redefining \bmod on input line 904.
LaTeX Info: Redefining \pmod on input line 909.
LaTeX Info: Redefining \smash on input line 939.
LaTeX Info: Redefining \relbar on input line 969.
LaTeX Info: Redefining \Relbar on input line 970.
\c@MaxMatrixCols=\count289
\dotsspace@=\muskip17
\c@parentequation=\count290
\dspbrk@lvl=\count291
\tag@help=\toks18
\row@=\count292
\column@=\count293
\maxfields@=\count294
\andhelp@=\toks19
\eqnshift@=\dimen152
\alignsep@=\dimen153
\tagshift@=\dimen154
\tagwidth@=\dimen155
\totwidth@=\dimen156
\lineht@=\dimen157
\@envbody=\toks20
\multlinegap=\skip52
\multlinetaggap=\skip53
\mathdisplay@stack=\toks21
LaTeX Info: Redefining \[ on input line 2950.
LaTeX Info: Redefining \] on input line 2951.
) (/nix/store/dwx0cnswr5fb44f1126kyrvkxrk5i99f-texlive-combined-full-2025-final-texmfdist/tex/latex/amsfonts/amssymb.sty
Package: amssymb 2013/01/14 v3.01 AMS font symbols
 (/nix/store/dwx0cnswr5fb44f1126kyrvkxrk5i99f-texlive-combined-full-2025-final-texmfdist/tex/latex/amsfonts/amsfonts.sty
Package: amsfonts 2013/01/14 v3.01 Basic AMSFonts support
\symAMSa=\mathgroup4
\symAMSb=\mathgroup5
LaTeX Font Info:    Redeclaring math symbol \hbar on input line 98.
LaTeX Font Info:    Overwriting math alphabet `\mathfrak' in version `bold'
(Font)                  U/euf/m/n --> U/euf/b/n on input line 106.
)) (/nix/store/dwx0cnswr5fb44f1126kyrvkxrk5i99f-texlive-combined-full-2025-final-texmfdist/tex/latex/amscls/amsthm.sty
Package: amsthm 2020/05/29 v2.20.6
\thm@style=\toks22
\thm@bodyfont=\toks23
\thm@headfont=\toks24
\thm@notefont=\toks25
\thm@headpunct=\toks26
\thm@preskip=\skip54
\thm@postskip=\skip55
\thm@headsep=\skip56
\dth@everypar=\toks27
) (/nix/store/dwx0cnswr5fb44f1126kyrvkxrk5i99f-texlive-combined-full-2025-final-texmfdist/tex/latex/mathpartir/mathpartir.sty
Package: mathpartir 2016/02/24 version 1.3.2 Math Paragraph for Typesetting Inference Rules
 (/nix/store/dwx0cnswr5fb44f1126kyrvkxrk5i99f-texlive-combined-full-2025-final-texmfdist/tex/latex/graphics/keyval.sty
Package: keyval 2022/05/29 v1.15 key=value parser (DPC)
\KV@toks@=\toks28
)
\mpr@andskip=\skip57
\mpr@lista=\toks29
\mpr@listb=\toks30
\mpr@hlist=\box55
\mpr@vlist=\box56
\mpr@right=\box57
) (/nix/store/dwx0cnswr5fb44f1126kyrvkxrk5i99f-texlive-combined-full-2025-final-texmfdist/tex/latex/listings/listings.sty
\lst@mode=\count295
\lst@gtempboxa=\box58
\lst@token=\toks31
\lst@length=\count296
\lst@currlwidth=\dimen158
\lst@column=\count297
\lst@pos=\count298
\lst@lostspace=\dimen159
\lst@width=\dimen160
\lst@newlines=\count299
\lst@lineno=\count300
\lst@maxwidth=\dimen161
 (/nix/store/dwx0cnswr5fb44f1126kyrvkxrk5i99f-texlive-combined-full-2025-final-texmfdist/tex/latex/listings/lstpatch.sty
File: lstpatch.sty 2025/11/14 1.11b (Carsten Heinz)
) (/nix/store/dwx0cnswr5fb44f1126kyrvkxrk5i99f-texlive-combined-full-2025-final-texmfdist/tex/latex/listings/lstmisc.sty
File: lstmisc.sty 2025/11/14 1.11b (Carsten Heinz)
\c@lstnumber=\count301
\lst@skipnumbers=\count302
\lst@framebox=\box59
) (/nix/store/dwx0cnswr5fb44f1126kyrvkxrk5i99f-texlive-combined-full-2025-final-texmfdist/tex/latex/listings/listings.cfg
File: listings.cfg 2025/11/14 1.11b listings configuration
))
Package: listings 2025/11/14 1.11b (Carsten Heinz)

==> First Aid for listings.sty no longer applied!
    Expected:
        2024/09/23 1.10c (Carsten Heinz)
    but found:
        2025/11/14 1.11b (Carsten Heinz)
    so I'm assuming it got fixed.
(/nix/store/dwx0cnswr5fb44f1126kyrvkxrk5i99f-texlive-combined-full-2025-final-texmfdist/tex/latex/xcolor/xcolor.sty
Package: xcolor 2024/09/29 v3.02 LaTeX color extensions (UK)
 (/nix/store/dwx0cnswr5fb44f1126kyrvkxrk5i99f-texlive-combined-full-2025-final-texmfdist/tex/latex/graphics-cfg/color.cfg
File: color.cfg 2016/01/02 v1.6 sample color configuration
)
Package xcolor Info: Driver file: pdftex.def on input line 274.
 (/nix/store/dwx0cnswr5fb44f1126kyrvkxrk5i99f-texlive-combined-full-2025-final-texmfdist/tex/latex/graphics-def/pdftex.def
File: pdftex.def 2025/09/29 v1.2d Graphics/color driver for pdftex
) (/nix/store/dwx0cnswr5fb44f1126kyrvkxrk5i99f-texlive-combined-full-2025-final-texmfdist/tex/latex/graphics/mathcolor.ltx)
Package xcolor Info: Model `cmy' substituted by `cmy0' on input line 1349.
Package xcolor Info: Model `hsb' substituted by `rgb' on input line 1353.
Package xcolor Info: Model `RGB' extended on input line 1365.
Package xcolor Info: Model `HTML' substituted by `rgb' on input line 1367.
Package xcolor Info: Model `Hsb' substituted by `hsb' on input line 1368.
Package xcolor Info: Model `tHsb' substituted by `hsb' on input line 1369.
Package xcolor Info: Model `HSB' substituted by `hsb' on input line 1370.
Package xcolor Info: Model `Gray' substituted by `gray' on input line 1371.
Package xcolor Info: Model `wave' substituted by `hsb' on input line 1372.
)
\c@definition=\count303
 (/nix/store/dwx0cnswr5fb44f1126kyrvkxrk5i99f-texlive-combined-full-2025-final-texmfdist/tex/latex/l3backend/l3backend-pdftex.def
File: l3backend-pdftex.def 2025-10-09 L3 backend support: PDF output (pdfTeX)
\l__color_backend_stack_int=\count304
) (./dahlia_a_topological_language.aux)
\openout1 = `dahlia_a_topological_language.aux'.

LaTeX Font Info:    Checking defaults for OML/cmm/m/it on input line 15.
LaTeX Font Info:    ... okay on input line 15.
LaTeX Font Info:    Checking defaults for OMS/cmsy/m/n on input line 15.
LaTeX Font Info:    ... okay on input line 15.
LaTeX Font Info:    Checking defaults for OT1/cmr/m/n on input line 15.
LaTeX Font Info:    ... okay on input line 15.
LaTeX Font Info:    Checking defaults for T1/cmr/m/n on input line 15.
LaTeX Font Info:    ... okay on input line 15.
LaTeX Font Info:    Checking defaults for TS1/cmr/m/n on input line 15.
LaTeX Font Info:    ... okay on input line 15.
LaTeX Font Info:    Checking defaults for OMX/cmex/m/n on input line 15.
LaTeX Font Info:    ... okay on input line 15.
LaTeX Font Info:    Checking defaults for U/cmr/m/n on input line 15.
LaTeX Font Info:    ... okay on input line 15.
\c@lstlisting=\count305
 (/nix/store/dwx0cnswr5fb44f1126kyrvkxrk5i99f-texlive-combined-full-2025-final-texmfdist/tex/context/base/mkii/supp-pdf.mkii
[Loading MPS to PDF converter (version 2006.09.02).]
\scratchcounter=\count306
\scratchdimen=\dimen162
\scratchbox=\box60
\nofMPsegments=\count307
\nofMParguments=\count308
\everyMPshowfont=\toks32
\MPscratchCnt=\count309
\MPscratchDim=\dimen163
\MPnumerator=\count310
\makeMPintoPDFobject=\count311
\everyMPtoPDFconversion=\toks33
)
LaTeX Font Info:    Trying to load font information for U+msa on input line 16.
 (/nix/store/dwx0cnswr5fb44f1126kyrvkxrk5i99f-texlive-combined-full-2025-final-texmfdist/tex/latex/amsfonts/umsa.fd
File: umsa.fd 2013/01/14 v3.01 AMS symbols A
)
LaTeX Font Info:    Trying to load font information for U+msb on input line 16.
 (/nix/store/dwx0cnswr5fb44f1126kyrvkxrk5i99f-texlive-combined-full-2025-final-texmfdist/tex/latex/amsfonts/umsb.fd
File: umsb.fd 2013/01/14 v3.01 AMS symbols B
) (./dahlia_a_topological_language.toc [1

{/nix/store/hx6735alslsg1ddajdwzf576bj5ldfly-texlive-combined-full-2025-final/share/texmf-var/fonts/map/pdftex/updmap/pdftex.map}])
\tf@toc=\write3
\openout3 = `dahlia_a_topological_language.toc'.

 [2] [3]
Overfull \hbox (7.37189pt too wide) in paragraph at lines 46--47
\OT1/cmr/m/n/10.95 The built-in op-er-a-tion \OT1/cmtt/m/n/10.95 local('s0, size) \OT1/cmr/m/n/10.95 al-lo-cates mem-ory within the bump-
 []


Overfull \hbox (11.78255pt too wide) in paragraph at lines 52--53
\OT1/cmr/m/n/10.95 To trans-fer data safely out of an in-ner scope, Dahlia pro-vides the \OT1/cmtt/m/n/10.95 promote('s0,
 []

(/nix/store/dwx0cnswr5fb44f1126kyrvkxrk5i99f-texlive-combined-full-2025-final-texmfdist/tex/latex/listings/lstlang1.sty
File: lstlang1.sty 2025/11/14 1.11b listings language file
) (/nix/store/dwx0cnswr5fb44f1126kyrvkxrk5i99f-texlive-combined-full-2025-final-texmfdist/tex/latex/listings/lstmisc.sty
File: lstmisc.sty 2025/11/14 1.11b (Carsten Heinz)
)
LaTeX Font Info:    Trying to load font information for OMS+cmr on input line 59.
 (/nix/store/dwx0cnswr5fb44f1126kyrvkxrk5i99f-texlive-combined-full-2025-final-texmfdist/tex/latex/base/omscmr.fd
File: omscmr.fd 2024/11/19 v2.5n Standard LaTeX font definitions
)
LaTeX Font Info:    Font shape `OMS/cmr/m/n' in size <10.95> not available
(Font)              Font shape `OMS/cmsy/m/n' tried instead on input line 59.
 [4]
Overfull \hbox (113.04492pt too wide) in paragraph at lines 71--72
[][][][][][][][][][][][][][][][][][][][][] 
 []

LaTeX Font Info:    Trying to load font information for OML+cmr on input line 72.
(/nix/store/dwx0cnswr5fb44f1126kyrvkxrk5i99f-texlive-combined-full-2025-final-texmfdist/tex/latex/base/omlcmr.fd
File: omlcmr.fd 2024/11/19 v2.5n Standard LaTeX font definitions
)
LaTeX Font Info:    Font shape `OML/cmr/m/n' in size <10.95> not available
(Font)              Font shape `OML/cmm/m/it' tried instead on input line 72.

Overfull \hbox (139.3252pt too wide) in paragraph at lines 72--73
[][][][][][][][][][][][][][][][][][][][][][][][][][][][][][][][][][][][][][][][][][][][][] 
 []


Overfull \hbox (5.66061pt too wide) in paragraph at lines 95--96
[]\OT1/cmr/bx/n/10.95 Definition 3.3 \OT1/cmr/m/n/10.95 (Sheaf over a Grothendieck Site)\OT1/cmr/bx/n/10.95 . []\OT1/cmr/m/it/10.95 Let $\OT1/cmr/m/n/10.95 (\OMS/cmsy/m/n/10.95 C\OML/cmm/m/it/10.95 ; J\OT1/cmr/m/n/10.95 )$ \OT1/cmr/m/it/10.95 be a Grothendieck
 []


Overfull \hbox (10.84883pt too wide) in paragraph at lines 98--99
[]\OT1/cmr/bx/it/10.95 Gluing: \OT1/cmr/m/it/10.95 For any fam-ily $\OMS/cmsy/m/n/10.95 f\OML/cmm/m/it/10.95 s[] \OMS/cmsy/m/n/10.95 2 \OML/cmm/m/it/10.95 F\OT1/cmr/m/n/10.95 (\OML/cmm/m/it/10.95 U[]\OT1/cmr/m/n/10.95 )\OMS/cmsy/m/n/10.95 g[]$ \OT1/cmr/m/it/10.95 sat-is-fy-ing $\OML/cmm/m/it/10.95 s[]\OMS/cmsy/m/n/10.95 j[] \OT1/cmr/m/n/10.95 = \OML/cmm/m/it/10.95 s[]\OMS/cmsy/m/n/10.95 j[]$
 []

[5]
Overfull \hbox (19.03777pt too wide) in paragraph at lines 106--107
\OT1/cmr/m/n/10.95 Dahlia treats the scope hi-er-ar-chy as an open-set cat-e-gory form-ing a Grothendieck
 []

[6] [7{/nix/store/dwx0cnswr5fb44f1126kyrvkxrk5i99f-texlive-combined-full-2025-final-texmfdist/fonts/enc/dvips/cm-super/cm-super-ts1.enc}] [8] [9] [10] [11] (./dahlia_a_topological_language.aux)
 ***********
LaTeX2e <2025-11-01>
L3 programming layer <2026-01-19>
 ***********
 ) 
Here is how much of TeX's memory you used:
 4812 strings out of 467533
 70658 string characters out of 5392394
 677081 words of memory out of 5000000
 33686 multiletter control sequences out of 15000+600000
 639985 words of font info for 85 fonts, out of 8000000 for 9000
 1141 hyphenation exceptions out of 8191
 56i,19n,65p,755b,1674s stack positions out of 10000i,1000n,20000p,200000b,200000s
</nix/store/dwx0cnswr5fb44f1126kyrvkxrk5i99f-texlive-combined-full-2025-final-texmfdist/fonts/type1/public/amsfonts/cm/cmbx10.pfb></nix/store/dwx0cnswr5fb44f1126kyrvkxrk5i99f-texlive-combined-full-2025-final-texmfdist/fonts/type1/public/amsfonts/cm/cmbx12.pfb></nix/store/dwx0cnswr5fb44f1126kyrvkxrk5i99f-texlive-combined-full-2025-final-texmfdist/fonts/type1/public/amsfonts/cm/cmbxti10.pfb></nix/store/dwx0cnswr5fb44f1126kyrvkxrk5i99f-texlive-combined-full-2025-final-texmfdist/fonts/type1/public/amsfonts/cm/cmcsc10.pfb></nix/store/dwx0cnswr5fb44f1126kyrvkxrk5i99f-texlive-combined-full-2025-final-texmfdist/fonts/type1/public/amsfonts/cm/cmitt10.pfb></nix/store/dwx0cnswr5fb44f1126kyrvkxrk5i99f-texlive-combined-full-2025-final-texmfdist/fonts/type1/public/amsfonts/cm/cmmi10.pfb></nix/store/dwx0cnswr5fb44f1126kyrvkxrk5i99f-texlive-combined-full-2025-final-texmfdist/fonts/type1/public/amsfonts/cm/cmmi6.pfb></nix/store/dwx0cnswr5fb44f1126kyrvkxrk5i99f-texlive-combined-full-2025-final-texmfdist/fonts/type1/public/amsfonts/cm/cmmi8.pfb></nix/store/dwx0cnswr5fb44f1126kyrvkxrk5i99f-texlive-combined-full-2025-final-texmfdist/fonts/type1/public/amsfonts/cm/cmr10.pfb></nix/store/dwx0cnswr5fb44f1126kyrvkxrk5i99f-texlive-combined-full-2025-final-texmfdist/fonts/type1/public/amsfonts/cm/cmr12.pfb></nix/store/dwx0cnswr5fb44f1126kyrvkxrk5i99f-texlive-combined-full-2025-final-texmfdist/fonts/type1/public/amsfonts/cm/cmr17.pfb></nix/store/dwx0cnswr5fb44f1126kyrvkxrk5i99f-texlive-combined-full-2025-final-texmfdist/fonts/type1/public/amsfonts/cm/cmr8.pfb></nix/store/dwx0cnswr5fb44f1126kyrvkxrk5i99f-texlive-combined-full-2025-final-texmfdist/fonts/type1/public/amsfonts/cm/cmsy10.pfb></nix/store/dwx0cnswr5fb44f1126kyrvkxrk5i99f-texlive-combined-full-2025-final-texmfdist/fonts/type1/public/amsfonts/cm/cmsy8.pfb></nix/store/dwx0cnswr5fb44f1126kyrvkxrk5i99f-texlive-combined-full-2025-final-texmfdist/fonts/type1/public/amsfonts/cm/cmti10.pfb></nix/store/dwx0cnswr5fb44f1126kyrvkxrk5i99f-texlive-combined-full-2025-final-texmfdist/fonts/type1/public/amsfonts/cm/cmti8.pfb></nix/store/dwx0cnswr5fb44f1126kyrvkxrk5i99f-texlive-combined-full-2025-final-texmfdist/fonts/type1/public/amsfonts/cm/cmtt10.pfb></nix/store/dwx0cnswr5fb44f1126kyrvkxrk5i99f-texlive-combined-full-2025-final-texmfdist/fonts/type1/public/amsfonts/symbols/msam10.pfb></nix/store/dwx0cnswr5fb44f1126kyrvkxrk5i99f-texlive-combined-full-2025-final-texmfdist/fonts/type1/public/cm-super/sfrm1095.pfb>
Output written on dahlia_a_topological_language.pdf (11 pages, 250833 bytes).
PDF statistics:
 136 PDF objects out of 1000 (max. 8388607)
 84 compressed objects within 1 object stream
 0 named destinations out of 1000 (max. 500000)
 1 words of extra memory for PDF output out of 10000 (max. 10000000)

